


ARM Macro Assembler    Page 1 


    1 00000000         ;*******************************************************
                       *************************
    2 00000000         ;* File Name          : startup_stm32f303x8.s
    3 00000000         ;* Author             : MCD Application Team
    4 00000000         ;* Description        : STM32F303x6/x8 devices vector ta
                       ble for MDK-ARM toolchain.
    5 00000000         ;*                      This module performs:
    6 00000000         ;*                      - Set the initial SP
    7 00000000         ;*                      - Set the initial PC == Reset_Ha
                       ndler
    8 00000000         ;*                      - Set the vector table entries w
                       ith the exceptions ISR address
    9 00000000         ;*                      - Branches to __main in the C li
                       brary (which eventually
   10 00000000         ;*                        calls main()).
   11 00000000         ;*                      After Reset the CortexM4 process
                       or is in Thread mode,
   12 00000000         ;*                      priority is Privileged, and the 
                       Stack is set to Main.
   13 00000000         ;*
   14 00000000         ;*******************************************************
                       ***********************
   15 00000000         ;* @attention
   16 00000000         ;*
   17 00000000         ;* Copyright (c) 2016 STMicroelectronics.
   18 00000000         ;* All rights reserved.
   19 00000000         ;*
   20 00000000         ;* This software component is licensed by ST under BSD 3
                       -Clause license,
   21 00000000         ;* the "License"; You may not use this file except in co
                       mpliance with the
   22 00000000         ;* License. You may obtain a copy of the License at:
   23 00000000         ;*                        opensource.org/licenses/BSD-3-
                       Clause
   24 00000000         ;*
   25 00000000         ;*******************************************************
                       ***********************
   26 00000000         
   27 00000000         ; Amount of memory (in bytes) allocated for Stack
   28 00000000         ; Tailor this value to your application needs
   29 00000000         ; <h> Stack Configuration
   30 00000000         ;   <o> Stack Size (in Bytes) <0x0-0xFFFFFFFF:8>
   31 00000000         ; </h>
   32 00000000         
   33 00000000 00000400 
                       Stack_Size
                               EQU              0x00000400
   34 00000000         
   35 00000000                 AREA             STACK, NOINIT, READWRITE, ALIGN
=3
   36 00000000         Stack_Mem
                               SPACE            Stack_Size
   37 00000400         __initial_sp
   38 00000400         
   39 00000400         
   40 00000400         ; <h> Heap Configuration
   41 00000400         ;   <o>  Heap Size (in Bytes) <0x0-0xFFFFFFFF:8>
   42 00000400         ; </h>
   43 00000400         



ARM Macro Assembler    Page 2 


   44 00000400 00000200 
                       Heap_Size
                               EQU              0x00000200
   45 00000400         
   46 00000400                 AREA             HEAP, NOINIT, READWRITE, ALIGN=
3
   47 00000000         __heap_base
   48 00000000         Heap_Mem
                               SPACE            Heap_Size
   49 00000200         __heap_limit
   50 00000200         
   51 00000200                 PRESERVE8
   52 00000200                 THUMB
   53 00000200         
   54 00000200         
   55 00000200         ; Vector Table Mapped to Address 0 at Reset
   56 00000200                 AREA             RESET, DATA, READONLY
   57 00000000                 EXPORT           __Vectors
   58 00000000                 EXPORT           __Vectors_End
   59 00000000                 EXPORT           __Vectors_Size
   60 00000000         
   61 00000000 00000000 
                       __Vectors
                               DCD              __initial_sp ; Top of Stack
   62 00000004 00000000        DCD              Reset_Handler ; Reset Handler
   63 00000008 00000000        DCD              NMI_Handler ; NMI Handler
   64 0000000C 00000000        DCD              HardFault_Handler ; Hard Fault 
                                                            Handler
   65 00000010 00000000        DCD              MemManage_Handler 
                                                            ; MPU Fault Handler
                                                            
   66 00000014 00000000        DCD              BusFault_Handler 
                                                            ; Bus Fault Handler
                                                            
   67 00000018 00000000        DCD              UsageFault_Handler ; Usage Faul
                                                            t Handler
   68 0000001C 00000000        DCD              0           ; Reserved
   69 00000020 00000000        DCD              0           ; Reserved
   70 00000024 00000000        DCD              0           ; Reserved
   71 00000028 00000000        DCD              0           ; Reserved
   72 0000002C 00000000        DCD              SVC_Handler ; SVCall Handler
   73 00000030 00000000        DCD              DebugMon_Handler ; Debug Monito
                                                            r Handler
   74 00000034 00000000        DCD              0           ; Reserved
   75 00000038 00000000        DCD              PendSV_Handler ; PendSV Handler
                                                            
   76 0000003C 00000000        DCD              SysTick_Handler 
                                                            ; SysTick Handler
   77 00000040         
   78 00000040         ; External Interrupts
   79 00000040 00000000        DCD              WWDG_IRQHandler 
                                                            ; Window WatchDog
   80 00000044 00000000        DCD              PVD_IRQHandler ; PVD through EX
                                                            TI Line detection
   81 00000048 00000000        DCD              TAMP_STAMP_IRQHandler ; Tamper 
                                                            and TimeStamps thro
                                                            ugh the EXTI line
   82 0000004C 00000000        DCD              RTC_WKUP_IRQHandler ; RTC Wakeu
                                                            p through the EXTI 



ARM Macro Assembler    Page 3 


                                                            line
   83 00000050 00000000        DCD              FLASH_IRQHandler ; FLASH
   84 00000054 00000000        DCD              RCC_IRQHandler ; RCC
   85 00000058 00000000        DCD              EXTI0_IRQHandler ; EXTI Line0
   86 0000005C 00000000        DCD              EXTI1_IRQHandler ; EXTI Line1
   87 00000060 00000000        DCD              EXTI2_TSC_IRQHandler ; EXTI Lin
                                                            e2 and Touch Sense 
                                                            controller
   88 00000064 00000000        DCD              EXTI3_IRQHandler ; EXTI Line3
   89 00000068 00000000        DCD              EXTI4_IRQHandler ; EXTI Line4
   90 0000006C 00000000        DCD              DMA1_Channel1_IRQHandler 
                                                            ; DMA1 Channel 1
   91 00000070 00000000        DCD              DMA1_Channel2_IRQHandler 
                                                            ; DMA1 Channel 2
   92 00000074 00000000        DCD              DMA1_Channel3_IRQHandler 
                                                            ; DMA1 Channel 3
   93 00000078 00000000        DCD              DMA1_Channel4_IRQHandler 
                                                            ; DMA1 Channel 4
   94 0000007C 00000000        DCD              DMA1_Channel5_IRQHandler 
                                                            ; DMA1 Channel 5
   95 00000080 00000000        DCD              DMA1_Channel6_IRQHandler 
                                                            ; DMA1 Channel 6
   96 00000084 00000000        DCD              DMA1_Channel7_IRQHandler 
                                                            ; DMA1 Channel 7
   97 00000088 00000000        DCD              ADC1_2_IRQHandler 
                                                            ; ADC1 and ADC2
   98 0000008C 00000000        DCD              CAN_TX_IRQHandler ; CAN TX
   99 00000090 00000000        DCD              CAN_RX0_IRQHandler ; CAN RX0
  100 00000094 00000000        DCD              CAN_RX1_IRQHandler ; CAN RX1
  101 00000098 00000000        DCD              CAN_SCE_IRQHandler ; CAN SCE
  102 0000009C 00000000        DCD              EXTI9_5_IRQHandler ; External L
                                                            ine[9:5]s
  103 000000A0 00000000        DCD              TIM1_BRK_TIM15_IRQHandler ; TIM
                                                            1 Break and TIM15
  104 000000A4 00000000        DCD              TIM1_UP_TIM16_IRQHandler ; TIM1
                                                             Update and TIM16
  105 000000A8 00000000        DCD              TIM1_TRG_COM_TIM17_IRQHandler ;
                                                             TIM1 Trigger and C
                                                            ommutation and TIM1
                                                            7
  106 000000AC 00000000        DCD              TIM1_CC_IRQHandler ; TIM1 Captu
                                                            re Compare
  107 000000B0 00000000        DCD              TIM2_IRQHandler ; TIM2
  108 000000B4 00000000        DCD              TIM3_IRQHandler ; TIM3
  109 000000B8 00000000        DCD              0           ; Reserved
  110 000000BC 00000000        DCD              I2C1_EV_IRQHandler ; I2C1 Event
                                                             and EXTI Line 23
  111 000000C0 00000000        DCD              I2C1_ER_IRQHandler ; I2C1 Error
                                                            
  112 000000C4 00000000        DCD              0           ; Reserved
  113 000000C8 00000000        DCD              0           ; Reserved
  114 000000CC 00000000        DCD              SPI1_IRQHandler ; SPI1
  115 000000D0 00000000        DCD              0           ; Reserved
  116 000000D4 00000000        DCD              USART1_IRQHandler ; USART1 and 
                                                            EXTI Line 25
  117 000000D8 00000000        DCD              USART2_IRQHandler ; USART2 and 
                                                            EXTI Line 26
  118 000000DC 00000000        DCD              USART3_IRQHandler ; USART3 and 
                                                            EXTI Line 28



ARM Macro Assembler    Page 4 


  119 000000E0 00000000        DCD              EXTI15_10_IRQHandler ; External
                                                             Line[15:10]s
  120 000000E4 00000000        DCD              RTC_Alarm_IRQHandler ; RTC Alar
                                                            m (A and B) through
                                                             EXTI Line
  121 000000E8 00000000        DCD              0           ; Reserved
  122 000000EC 00000000        DCD              0           ; Reserved
  123 000000F0 00000000        DCD              0           ; Reserved
  124 000000F4 00000000        DCD              0           ; Reserved
  125 000000F8 00000000        DCD              0           ; Reserved
  126 000000FC 00000000        DCD              0           ; Reserved
  127 00000100 00000000        DCD              0           ; Reserved
  128 00000104 00000000        DCD              0           ; Reserved
  129 00000108 00000000        DCD              0           ; Reserved
  130 0000010C 00000000        DCD              0           ; Reserved
  131 00000110 00000000        DCD              0           ; Reserved
  132 00000114 00000000        DCD              0           ; Reserved
  133 00000118 00000000        DCD              TIM6_DAC1_IRQHandler ; TIM6 and
                                                             DAC1 underrun erro
                                                            rs
  134 0000011C 00000000        DCD              TIM7_DAC2_IRQHandler ; TIM7 and
                                                             DAC2 underrun erro
                                                            rs
  135 00000120 00000000        DCD              0           ; Reserved
  136 00000124 00000000        DCD              0           ; Reserved
  137 00000128 00000000        DCD              0           ; Reserved
  138 0000012C 00000000        DCD              0           ; Reserved
  139 00000130 00000000        DCD              0           ; Reserved
  140 00000134 00000000        DCD              0           ; Reserved
  141 00000138 00000000        DCD              0           ; Reserved
  142 0000013C 00000000        DCD              0           ; Reserved
  143 00000140 00000000        DCD              COMP2_IRQHandler ; COMP2
  144 00000144 00000000        DCD              COMP4_6_IRQHandler 
                                                            ; COMP4 and COMP6
  145 00000148 00000000        DCD              0           ; Reserved
  146 0000014C 00000000        DCD              0           ; Reserved
  147 00000150 00000000        DCD              0           ; Reserved
  148 00000154 00000000        DCD              0           ; Reserved
  149 00000158 00000000        DCD              0           ; Reserved
  150 0000015C 00000000        DCD              0           ; Reserved
  151 00000160 00000000        DCD              0           ; Reserved
  152 00000164 00000000        DCD              0           ; Reserved
  153 00000168 00000000        DCD              0           ; Reserved
  154 0000016C 00000000        DCD              0           ; Reserved
  155 00000170 00000000        DCD              0           ; Reserved
  156 00000174 00000000        DCD              0           ; Reserved
  157 00000178 00000000        DCD              0           ; Reserved
  158 0000017C 00000000        DCD              0           ; Reserved
  159 00000180 00000000        DCD              0           ; Reserved
  160 00000184 00000000        DCD              FPU_IRQHandler ; FPU
  161 00000188         
  162 00000188         __Vectors_End
  163 00000188         
  164 00000188 00000188 
                       __Vectors_Size
                               EQU              __Vectors_End - __Vectors
  165 00000188         
  166 00000188                 AREA             |.text|, CODE, READONLY
  167 00000000         



ARM Macro Assembler    Page 5 


  168 00000000         ; Reset handler
  169 00000000         Reset_Handler
                               PROC
  170 00000000                 EXPORT           Reset_Handler             [WEAK
]
  171 00000000                 IMPORT           SystemInit
  172 00000000                 IMPORT           __main
  173 00000000         
  174 00000000 480A            LDR              R0, =SystemInit
  175 00000002 4780            BLX              R0
  176 00000004 480A            LDR              R0, =__main
  177 00000006 4700            BX               R0
  178 00000008                 ENDP
  179 00000008         
  180 00000008         ; Dummy Exception Handlers (infinite loops which can be 
                       modified)
  181 00000008                 EXTERN           Fault
  182 00000008         
  183 00000008         NMI_Handler
                               PROC
  184 00000008                 EXPORT           NMI_Handler                [WEA
K]
  185 00000008 E7FE            B                .
  186 0000000A                 ENDP
  188 0000000A         HardFault_Handler
                               PROC
  189 0000000A                 EXPORT           HardFault_Handler          [WEA
K]
  190 0000000A F7FF BFFE       B                Fault
  191 0000000E                 ENDP
  193 0000000E         MemManage_Handler
                               PROC
  194 0000000E                 EXPORT           MemManage_Handler          [WEA
K]
  195 0000000E E7FE            B                .
  196 00000010                 ENDP
  198 00000010         BusFault_Handler
                               PROC
  199 00000010                 EXPORT           BusFault_Handler           [WEA
K]
  200 00000010 E7FE            B                .
  201 00000012                 ENDP
  203 00000012         UsageFault_Handler
                               PROC
  204 00000012                 EXPORT           UsageFault_Handler         [WEA
K]
  205 00000012 E7FE            B                .
  206 00000014                 ENDP
  207 00000014         SVC_Handler
                               PROC
  208 00000014                 EXPORT           SVC_Handler                [WEA
K]
  209 00000014 E7FE            B                .
  210 00000016                 ENDP
  212 00000016         DebugMon_Handler
                               PROC
  213 00000016                 EXPORT           DebugMon_Handler           [WEA
K]
  214 00000016 E7FE            B                .



ARM Macro Assembler    Page 6 


  215 00000018                 ENDP
  216 00000018         PendSV_Handler
                               PROC
  217 00000018                 EXPORT           PendSV_Handler             [WEA
K]
  218 00000018 E7FE            B                .
  219 0000001A                 ENDP
  220 0000001A         SysTick_Handler
                               PROC
  221 0000001A                 EXPORT           SysTick_Handler            [WEA
K]
  222 0000001A E7FE            B                .
  223 0000001C                 ENDP
  224 0000001C         
  225 0000001C         Default_Handler
                               PROC
  226 0000001C         
  227 0000001C                 EXPORT           WWDG_IRQHandler                
   [WEAK]
  228 0000001C                 EXPORT           PVD_IRQHandler                 
   [WEAK]
  229 0000001C                 EXPORT           TAMP_STAMP_IRQHandler          
   [WEAK]
  230 0000001C                 EXPORT           RTC_WKUP_IRQHandler            
   [WEAK]
  231 0000001C                 EXPORT           FLASH_IRQHandler               
   [WEAK]
  232 0000001C                 EXPORT           RCC_IRQHandler                 
   [WEAK]
  233 0000001C                 EXPORT           EXTI0_IRQHandler               
   [WEAK]
  234 0000001C                 EXPORT           EXTI1_IRQHandler               
   [WEAK]
  235 0000001C                 EXPORT           EXTI2_TSC_IRQHandler           
   [WEAK]
  236 0000001C                 EXPORT           EXTI3_IRQHandler               
   [WEAK]
  237 0000001C                 EXPORT           EXTI4_IRQHandler               
   [WEAK]
  238 0000001C                 EXPORT           DMA1_Channel1_IRQHandler       
   [WEAK]
  239 0000001C                 EXPORT           DMA1_Channel2_IRQHandler       
   [WEAK]
  240 0000001C                 EXPORT           DMA1_Channel3_IRQHandler       
   [WEAK]
  241 0000001C                 EXPORT           DMA1_Channel4_IRQHandler       
   [WEAK]
  242 0000001C                 EXPORT           DMA1_Channel5_IRQHandler       
   [WEAK]
  243 0000001C                 EXPORT           DMA1_Channel6_IRQHandler       
   [WEAK]
  244 0000001C                 EXPORT           DMA1_Channel7_IRQHandler       
   [WEAK]
  245 0000001C                 EXPORT           ADC1_2_IRQHandler              
   [WEAK]
  246 0000001C                 EXPORT           CAN_TX_IRQHandler              
   [WEAK]
  247 0000001C                 EXPORT           CAN_RX0_IRQHandler             
   [WEAK]



ARM Macro Assembler    Page 7 


  248 0000001C                 EXPORT           CAN_RX1_IRQHandler             
   [WEAK]
  249 0000001C                 EXPORT           CAN_SCE_IRQHandler             
   [WEAK]
  250 0000001C                 EXPORT           EXTI9_5_IRQHandler             
   [WEAK]
  251 0000001C                 EXPORT           TIM1_BRK_TIM15_IRQHandler      
   [WEAK]
  252 0000001C                 EXPORT           TIM1_UP_TIM16_IRQHandler       
   [WEAK]
  253 0000001C                 EXPORT           TIM1_TRG_COM_TIM17_IRQHandler  
   [WEAK]
  254 0000001C                 EXPORT           TIM1_CC_IRQHandler             
   [WEAK]
  255 0000001C                 EXPORT           TIM2_IRQHandler                
   [WEAK]
  256 0000001C                 EXPORT           TIM3_IRQHandler                
   [WEAK]
  257 0000001C                 EXPORT           I2C1_EV_IRQHandler             
   [WEAK]
  258 0000001C                 EXPORT           I2C1_ER_IRQHandler             
   [WEAK]
  259 0000001C                 EXPORT           SPI1_IRQHandler                
   [WEAK]
  260 0000001C                 EXPORT           USART1_IRQHandler              
   [WEAK]
  261 0000001C                 EXPORT           USART2_IRQHandler              
   [WEAK]
  262 0000001C                 EXPORT           USART3_IRQHandler              
   [WEAK]
  263 0000001C                 EXPORT           EXTI15_10_IRQHandler           
   [WEAK]
  264 0000001C                 EXPORT           RTC_Alarm_IRQHandler           
   [WEAK]
  265 0000001C                 EXPORT           TIM6_DAC1_IRQHandler           
   [WEAK]
  266 0000001C                 EXPORT           TIM7_DAC2_IRQHandler           
   [WEAK]
  267 0000001C                 EXPORT           COMP2_IRQHandler               
   [WEAK]
  268 0000001C                 EXPORT           COMP4_6_IRQHandler             
   [WEAK]
  269 0000001C                 EXPORT           FPU_IRQHandler                 
   [WEAK]
  270 0000001C         
  271 0000001C         WWDG_IRQHandler
  272 0000001C         PVD_IRQHandler
  273 0000001C         TAMP_STAMP_IRQHandler
  274 0000001C         RTC_WKUP_IRQHandler
  275 0000001C         FLASH_IRQHandler
  276 0000001C         RCC_IRQHandler
  277 0000001C         EXTI0_IRQHandler
  278 0000001C         EXTI1_IRQHandler
  279 0000001C         EXTI2_TSC_IRQHandler
  280 0000001C         EXTI3_IRQHandler
  281 0000001C         EXTI4_IRQHandler
  282 0000001C         DMA1_Channel1_IRQHandler
  283 0000001C         DMA1_Channel2_IRQHandler
  284 0000001C         DMA1_Channel3_IRQHandler



ARM Macro Assembler    Page 8 


  285 0000001C         DMA1_Channel4_IRQHandler
  286 0000001C         DMA1_Channel5_IRQHandler
  287 0000001C         DMA1_Channel6_IRQHandler
  288 0000001C         DMA1_Channel7_IRQHandler
  289 0000001C         ADC1_2_IRQHandler
  290 0000001C         CAN_TX_IRQHandler
  291 0000001C         CAN_RX0_IRQHandler
  292 0000001C         CAN_RX1_IRQHandler
  293 0000001C         CAN_SCE_IRQHandler
  294 0000001C         EXTI9_5_IRQHandler
  295 0000001C         TIM1_BRK_TIM15_IRQHandler
  296 0000001C         TIM1_UP_TIM16_IRQHandler
  297 0000001C         TIM1_TRG_COM_TIM17_IRQHandler
  298 0000001C         TIM1_CC_IRQHandler
  299 0000001C         TIM2_IRQHandler
  300 0000001C         TIM3_IRQHandler
  301 0000001C         I2C1_EV_IRQHandler
  302 0000001C         I2C1_ER_IRQHandler
  303 0000001C         SPI1_IRQHandler
  304 0000001C         USART1_IRQHandler
  305 0000001C         USART2_IRQHandler
  306 0000001C         USART3_IRQHandler
  307 0000001C         EXTI15_10_IRQHandler
  308 0000001C         RTC_Alarm_IRQHandler
  309 0000001C         TIM6_DAC1_IRQHandler
  310 0000001C         TIM7_DAC2_IRQHandler
  311 0000001C         COMP2_IRQHandler
  312 0000001C         COMP4_6_IRQHandler
  313 0000001C         FPU_IRQHandler
  314 0000001C         
  315 0000001C E7FE            B                .
  316 0000001E         
  317 0000001E                 ENDP
  318 0000001E         
  319 0000001E 00 00           ALIGN
  320 00000020         
  321 00000020         ;*******************************************************
                       ************************
  322 00000020         ; User Stack and Heap initialization
  323 00000020         ;*******************************************************
                       ************************
  324 00000020                 IF               :DEF:__MICROLIB
  331 00000020         
  332 00000020                 IMPORT           __use_two_region_memory
  333 00000020                 EXPORT           __user_initial_stackheap
  334 00000020         
  335 00000020         __user_initial_stackheap
  336 00000020         
  337 00000020 4804            LDR              R0, =  Heap_Mem
  338 00000022 4905            LDR              R1, =(Stack_Mem + Stack_Size)
  339 00000024 4A05            LDR              R2, = (Heap_Mem +  Heap_Size)
  340 00000026 4B06            LDR              R3, = Stack_Mem
  341 00000028 4770            BX               LR
  342 0000002A         
  343 0000002A 00 00           ALIGN
  344 0000002C         
  345 0000002C                 ENDIF
  346 0000002C         
  347 0000002C                 END



ARM Macro Assembler    Page 9 


              00000000 
              00000000 
              00000000 
              00000400 
              00000200 
              00000000 
Command Line: --debug --xref --diag_suppress=9931 --cpu=Cortex-M4.fp.sp --apcs=
interwork --depend=.\objects\startup_stm32f303x8.d -o.\objects\startup_stm32f30
3x8.o -I.\RTE\Device\STM32F303K6Tx -I.\RTE\_Target_1 -IC:\Users\JAFM1\AppData\L
ocal\Arm\Packs\ARM\CMSIS\5.8.0\CMSIS\Core\Include -IC:\Users\JAFM1\AppData\Loca
l\Arm\Packs\Keil\STM32F3xx_DFP\2.2.0\Drivers\CMSIS\Device\ST\STM32F3xx\Include 
-IC:\Users\JAFM1\AppData\Local\Arm\Packs\Keil\STM32F3xx_DFP\2.2.0\Drivers\STM32
F3xx_HAL_Driver\Inc -IC:\Users\JAFM1\AppData\Local\Arm\Packs\Keil\STM32F3xx_DFP
\2.2.0\Drivers\STM32F3xx_HAL_Driver\Inc\Legacy --predefine="__EVAL SETA 1" --pr
edefine="__UVISION_VERSION SETA 535" --predefine="_RTE_ SETA 1" --predefine="ST
M32F303x8 SETA 1" --predefine="_RTE_ SETA 1" --list=.\listings\startup_stm32f30
3x8.lst RTE\Device\STM32F303K6Tx\startup_stm32f303x8.s



ARM Macro Assembler    Page 1 Alphabetic symbol ordering
Relocatable symbols

STACK 00000000

Symbol: STACK
   Definitions
      At line 35 in file RTE\Device\STM32F303K6Tx\startup_stm32f303x8.s
   Uses
      None
Comment: STACK unused
Stack_Mem 00000000

Symbol: Stack_Mem
   Definitions
      At line 36 in file RTE\Device\STM32F303K6Tx\startup_stm32f303x8.s
   Uses
      At line 338 in file RTE\Device\STM32F303K6Tx\startup_stm32f303x8.s
      At line 340 in file RTE\Device\STM32F303K6Tx\startup_stm32f303x8.s

__initial_sp 00000400

Symbol: __initial_sp
   Definitions
      At line 37 in file RTE\Device\STM32F303K6Tx\startup_stm32f303x8.s
   Uses
      At line 61 in file RTE\Device\STM32F303K6Tx\startup_stm32f303x8.s
Comment: __initial_sp used once
3 symbols



ARM Macro Assembler    Page 1 Alphabetic symbol ordering
Relocatable symbols

HEAP 00000000

Symbol: HEAP
   Definitions
      At line 46 in file RTE\Device\STM32F303K6Tx\startup_stm32f303x8.s
   Uses
      None
Comment: HEAP unused
Heap_Mem 00000000

Symbol: Heap_Mem
   Definitions
      At line 48 in file RTE\Device\STM32F303K6Tx\startup_stm32f303x8.s
   Uses
      At line 337 in file RTE\Device\STM32F303K6Tx\startup_stm32f303x8.s
      At line 339 in file RTE\Device\STM32F303K6Tx\startup_stm32f303x8.s

__heap_base 00000000

Symbol: __heap_base
   Definitions
      At line 47 in file RTE\Device\STM32F303K6Tx\startup_stm32f303x8.s
   Uses
      None
Comment: __heap_base unused
__heap_limit 00000200

Symbol: __heap_limit
   Definitions
      At line 49 in file RTE\Device\STM32F303K6Tx\startup_stm32f303x8.s
   Uses
      None
Comment: __heap_limit unused
4 symbols



ARM Macro Assembler    Page 1 Alphabetic symbol ordering
Relocatable symbols

RESET 00000000

Symbol: RESET
   Definitions
      At line 56 in file RTE\Device\STM32F303K6Tx\startup_stm32f303x8.s
   Uses
      None
Comment: RESET unused
__Vectors 00000000

Symbol: __Vectors
   Definitions
      At line 61 in file RTE\Device\STM32F303K6Tx\startup_stm32f303x8.s
   Uses
      At line 57 in file RTE\Device\STM32F303K6Tx\startup_stm32f303x8.s
      At line 164 in file RTE\Device\STM32F303K6Tx\startup_stm32f303x8.s

__Vectors_End 00000188

Symbol: __Vectors_End
   Definitions
      At line 162 in file RTE\Device\STM32F303K6Tx\startup_stm32f303x8.s
   Uses
      At line 58 in file RTE\Device\STM32F303K6Tx\startup_stm32f303x8.s
      At line 164 in file RTE\Device\STM32F303K6Tx\startup_stm32f303x8.s

3 symbols



ARM Macro Assembler    Page 1 Alphabetic symbol ordering
Relocatable symbols

.text 00000000

Symbol: .text
   Definitions
      At line 166 in file RTE\Device\STM32F303K6Tx\startup_stm32f303x8.s
   Uses
      None
Comment: .text unused
ADC1_2_IRQHandler 0000001C

Symbol: ADC1_2_IRQHandler
   Definitions
      At line 289 in file RTE\Device\STM32F303K6Tx\startup_stm32f303x8.s
   Uses
      At line 97 in file RTE\Device\STM32F303K6Tx\startup_stm32f303x8.s
      At line 245 in file RTE\Device\STM32F303K6Tx\startup_stm32f303x8.s

BusFault_Handler 00000010

Symbol: BusFault_Handler
   Definitions
      At line 198 in file RTE\Device\STM32F303K6Tx\startup_stm32f303x8.s
   Uses
      At line 66 in file RTE\Device\STM32F303K6Tx\startup_stm32f303x8.s
      At line 199 in file RTE\Device\STM32F303K6Tx\startup_stm32f303x8.s

CAN_RX0_IRQHandler 0000001C

Symbol: CAN_RX0_IRQHandler
   Definitions
      At line 291 in file RTE\Device\STM32F303K6Tx\startup_stm32f303x8.s
   Uses
      At line 99 in file RTE\Device\STM32F303K6Tx\startup_stm32f303x8.s
      At line 247 in file RTE\Device\STM32F303K6Tx\startup_stm32f303x8.s

CAN_RX1_IRQHandler 0000001C

Symbol: CAN_RX1_IRQHandler
   Definitions
      At line 292 in file RTE\Device\STM32F303K6Tx\startup_stm32f303x8.s
   Uses
      At line 100 in file RTE\Device\STM32F303K6Tx\startup_stm32f303x8.s
      At line 248 in file RTE\Device\STM32F303K6Tx\startup_stm32f303x8.s

CAN_SCE_IRQHandler 0000001C

Symbol: CAN_SCE_IRQHandler
   Definitions
      At line 293 in file RTE\Device\STM32F303K6Tx\startup_stm32f303x8.s
   Uses
      At line 101 in file RTE\Device\STM32F303K6Tx\startup_stm32f303x8.s
      At line 249 in file RTE\Device\STM32F303K6Tx\startup_stm32f303x8.s

CAN_TX_IRQHandler 0000001C

Symbol: CAN_TX_IRQHandler
   Definitions
      At line 290 in file RTE\Device\STM32F303K6Tx\startup_stm32f303x8.s
   Uses



ARM Macro Assembler    Page 2 Alphabetic symbol ordering
Relocatable symbols

      At line 98 in file RTE\Device\STM32F303K6Tx\startup_stm32f303x8.s
      At line 246 in file RTE\Device\STM32F303K6Tx\startup_stm32f303x8.s

COMP2_IRQHandler 0000001C

Symbol: COMP2_IRQHandler
   Definitions
      At line 311 in file RTE\Device\STM32F303K6Tx\startup_stm32f303x8.s
   Uses
      At line 143 in file RTE\Device\STM32F303K6Tx\startup_stm32f303x8.s
      At line 267 in file RTE\Device\STM32F303K6Tx\startup_stm32f303x8.s

COMP4_6_IRQHandler 0000001C

Symbol: COMP4_6_IRQHandler
   Definitions
      At line 312 in file RTE\Device\STM32F303K6Tx\startup_stm32f303x8.s
   Uses
      At line 144 in file RTE\Device\STM32F303K6Tx\startup_stm32f303x8.s
      At line 268 in file RTE\Device\STM32F303K6Tx\startup_stm32f303x8.s

DMA1_Channel1_IRQHandler 0000001C

Symbol: DMA1_Channel1_IRQHandler
   Definitions
      At line 282 in file RTE\Device\STM32F303K6Tx\startup_stm32f303x8.s
   Uses
      At line 90 in file RTE\Device\STM32F303K6Tx\startup_stm32f303x8.s
      At line 238 in file RTE\Device\STM32F303K6Tx\startup_stm32f303x8.s

DMA1_Channel2_IRQHandler 0000001C

Symbol: DMA1_Channel2_IRQHandler
   Definitions
      At line 283 in file RTE\Device\STM32F303K6Tx\startup_stm32f303x8.s
   Uses
      At line 91 in file RTE\Device\STM32F303K6Tx\startup_stm32f303x8.s
      At line 239 in file RTE\Device\STM32F303K6Tx\startup_stm32f303x8.s

DMA1_Channel3_IRQHandler 0000001C

Symbol: DMA1_Channel3_IRQHandler
   Definitions
      At line 284 in file RTE\Device\STM32F303K6Tx\startup_stm32f303x8.s
   Uses
      At line 92 in file RTE\Device\STM32F303K6Tx\startup_stm32f303x8.s
      At line 240 in file RTE\Device\STM32F303K6Tx\startup_stm32f303x8.s

DMA1_Channel4_IRQHandler 0000001C

Symbol: DMA1_Channel4_IRQHandler
   Definitions
      At line 285 in file RTE\Device\STM32F303K6Tx\startup_stm32f303x8.s
   Uses
      At line 93 in file RTE\Device\STM32F303K6Tx\startup_stm32f303x8.s
      At line 241 in file RTE\Device\STM32F303K6Tx\startup_stm32f303x8.s

DMA1_Channel5_IRQHandler 0000001C




ARM Macro Assembler    Page 3 Alphabetic symbol ordering
Relocatable symbols

Symbol: DMA1_Channel5_IRQHandler
   Definitions
      At line 286 in file RTE\Device\STM32F303K6Tx\startup_stm32f303x8.s
   Uses
      At line 94 in file RTE\Device\STM32F303K6Tx\startup_stm32f303x8.s
      At line 242 in file RTE\Device\STM32F303K6Tx\startup_stm32f303x8.s

DMA1_Channel6_IRQHandler 0000001C

Symbol: DMA1_Channel6_IRQHandler
   Definitions
      At line 287 in file RTE\Device\STM32F303K6Tx\startup_stm32f303x8.s
   Uses
      At line 95 in file RTE\Device\STM32F303K6Tx\startup_stm32f303x8.s
      At line 243 in file RTE\Device\STM32F303K6Tx\startup_stm32f303x8.s

DMA1_Channel7_IRQHandler 0000001C

Symbol: DMA1_Channel7_IRQHandler
   Definitions
      At line 288 in file RTE\Device\STM32F303K6Tx\startup_stm32f303x8.s
   Uses
      At line 96 in file RTE\Device\STM32F303K6Tx\startup_stm32f303x8.s
      At line 244 in file RTE\Device\STM32F303K6Tx\startup_stm32f303x8.s

DebugMon_Handler 00000016

Symbol: DebugMon_Handler
   Definitions
      At line 212 in file RTE\Device\STM32F303K6Tx\startup_stm32f303x8.s
   Uses
      At line 73 in file RTE\Device\STM32F303K6Tx\startup_stm32f303x8.s
      At line 213 in file RTE\Device\STM32F303K6Tx\startup_stm32f303x8.s

Default_Handler 0000001C

Symbol: Default_Handler
   Definitions
      At line 225 in file RTE\Device\STM32F303K6Tx\startup_stm32f303x8.s
   Uses
      None
Comment: Default_Handler unused
EXTI0_IRQHandler 0000001C

Symbol: EXTI0_IRQHandler
   Definitions
      At line 277 in file RTE\Device\STM32F303K6Tx\startup_stm32f303x8.s
   Uses
      At line 85 in file RTE\Device\STM32F303K6Tx\startup_stm32f303x8.s
      At line 233 in file RTE\Device\STM32F303K6Tx\startup_stm32f303x8.s

EXTI15_10_IRQHandler 0000001C

Symbol: EXTI15_10_IRQHandler
   Definitions
      At line 307 in file RTE\Device\STM32F303K6Tx\startup_stm32f303x8.s
   Uses
      At line 119 in file RTE\Device\STM32F303K6Tx\startup_stm32f303x8.s
      At line 263 in file RTE\Device\STM32F303K6Tx\startup_stm32f303x8.s



ARM Macro Assembler    Page 4 Alphabetic symbol ordering
Relocatable symbols


EXTI1_IRQHandler 0000001C

Symbol: EXTI1_IRQHandler
   Definitions
      At line 278 in file RTE\Device\STM32F303K6Tx\startup_stm32f303x8.s
   Uses
      At line 86 in file RTE\Device\STM32F303K6Tx\startup_stm32f303x8.s
      At line 234 in file RTE\Device\STM32F303K6Tx\startup_stm32f303x8.s

EXTI2_TSC_IRQHandler 0000001C

Symbol: EXTI2_TSC_IRQHandler
   Definitions
      At line 279 in file RTE\Device\STM32F303K6Tx\startup_stm32f303x8.s
   Uses
      At line 87 in file RTE\Device\STM32F303K6Tx\startup_stm32f303x8.s
      At line 235 in file RTE\Device\STM32F303K6Tx\startup_stm32f303x8.s

EXTI3_IRQHandler 0000001C

Symbol: EXTI3_IRQHandler
   Definitions
      At line 280 in file RTE\Device\STM32F303K6Tx\startup_stm32f303x8.s
   Uses
      At line 88 in file RTE\Device\STM32F303K6Tx\startup_stm32f303x8.s
      At line 236 in file RTE\Device\STM32F303K6Tx\startup_stm32f303x8.s

EXTI4_IRQHandler 0000001C

Symbol: EXTI4_IRQHandler
   Definitions
      At line 281 in file RTE\Device\STM32F303K6Tx\startup_stm32f303x8.s
   Uses
      At line 89 in file RTE\Device\STM32F303K6Tx\startup_stm32f303x8.s
      At line 237 in file RTE\Device\STM32F303K6Tx\startup_stm32f303x8.s

EXTI9_5_IRQHandler 0000001C

Symbol: EXTI9_5_IRQHandler
   Definitions
      At line 294 in file RTE\Device\STM32F303K6Tx\startup_stm32f303x8.s
   Uses
      At line 102 in file RTE\Device\STM32F303K6Tx\startup_stm32f303x8.s
      At line 250 in file RTE\Device\STM32F303K6Tx\startup_stm32f303x8.s

FLASH_IRQHandler 0000001C

Symbol: FLASH_IRQHandler
   Definitions
      At line 275 in file RTE\Device\STM32F303K6Tx\startup_stm32f303x8.s
   Uses
      At line 83 in file RTE\Device\STM32F303K6Tx\startup_stm32f303x8.s
      At line 231 in file RTE\Device\STM32F303K6Tx\startup_stm32f303x8.s

FPU_IRQHandler 0000001C

Symbol: FPU_IRQHandler
   Definitions



ARM Macro Assembler    Page 5 Alphabetic symbol ordering
Relocatable symbols

      At line 313 in file RTE\Device\STM32F303K6Tx\startup_stm32f303x8.s
   Uses
      At line 160 in file RTE\Device\STM32F303K6Tx\startup_stm32f303x8.s
      At line 269 in file RTE\Device\STM32F303K6Tx\startup_stm32f303x8.s

HardFault_Handler 0000000A

Symbol: HardFault_Handler
   Definitions
      At line 188 in file RTE\Device\STM32F303K6Tx\startup_stm32f303x8.s
   Uses
      At line 64 in file RTE\Device\STM32F303K6Tx\startup_stm32f303x8.s
      At line 189 in file RTE\Device\STM32F303K6Tx\startup_stm32f303x8.s

I2C1_ER_IRQHandler 0000001C

Symbol: I2C1_ER_IRQHandler
   Definitions
      At line 302 in file RTE\Device\STM32F303K6Tx\startup_stm32f303x8.s
   Uses
      At line 111 in file RTE\Device\STM32F303K6Tx\startup_stm32f303x8.s
      At line 258 in file RTE\Device\STM32F303K6Tx\startup_stm32f303x8.s

I2C1_EV_IRQHandler 0000001C

Symbol: I2C1_EV_IRQHandler
   Definitions
      At line 301 in file RTE\Device\STM32F303K6Tx\startup_stm32f303x8.s
   Uses
      At line 110 in file RTE\Device\STM32F303K6Tx\startup_stm32f303x8.s
      At line 257 in file RTE\Device\STM32F303K6Tx\startup_stm32f303x8.s

MemManage_Handler 0000000E

Symbol: MemManage_Handler
   Definitions
      At line 193 in file RTE\Device\STM32F303K6Tx\startup_stm32f303x8.s
   Uses
      At line 65 in file RTE\Device\STM32F303K6Tx\startup_stm32f303x8.s
      At line 194 in file RTE\Device\STM32F303K6Tx\startup_stm32f303x8.s

NMI_Handler 00000008

Symbol: NMI_Handler
   Definitions
      At line 183 in file RTE\Device\STM32F303K6Tx\startup_stm32f303x8.s
   Uses
      At line 63 in file RTE\Device\STM32F303K6Tx\startup_stm32f303x8.s
      At line 184 in file RTE\Device\STM32F303K6Tx\startup_stm32f303x8.s

PVD_IRQHandler 0000001C

Symbol: PVD_IRQHandler
   Definitions
      At line 272 in file RTE\Device\STM32F303K6Tx\startup_stm32f303x8.s
   Uses
      At line 80 in file RTE\Device\STM32F303K6Tx\startup_stm32f303x8.s
      At line 228 in file RTE\Device\STM32F303K6Tx\startup_stm32f303x8.s




ARM Macro Assembler    Page 6 Alphabetic symbol ordering
Relocatable symbols

PendSV_Handler 00000018

Symbol: PendSV_Handler
   Definitions
      At line 216 in file RTE\Device\STM32F303K6Tx\startup_stm32f303x8.s
   Uses
      At line 75 in file RTE\Device\STM32F303K6Tx\startup_stm32f303x8.s
      At line 217 in file RTE\Device\STM32F303K6Tx\startup_stm32f303x8.s

RCC_IRQHandler 0000001C

Symbol: RCC_IRQHandler
   Definitions
      At line 276 in file RTE\Device\STM32F303K6Tx\startup_stm32f303x8.s
   Uses
      At line 84 in file RTE\Device\STM32F303K6Tx\startup_stm32f303x8.s
      At line 232 in file RTE\Device\STM32F303K6Tx\startup_stm32f303x8.s

RTC_Alarm_IRQHandler 0000001C

Symbol: RTC_Alarm_IRQHandler
   Definitions
      At line 308 in file RTE\Device\STM32F303K6Tx\startup_stm32f303x8.s
   Uses
      At line 120 in file RTE\Device\STM32F303K6Tx\startup_stm32f303x8.s
      At line 264 in file RTE\Device\STM32F303K6Tx\startup_stm32f303x8.s

RTC_WKUP_IRQHandler 0000001C

Symbol: RTC_WKUP_IRQHandler
   Definitions
      At line 274 in file RTE\Device\STM32F303K6Tx\startup_stm32f303x8.s
   Uses
      At line 82 in file RTE\Device\STM32F303K6Tx\startup_stm32f303x8.s
      At line 230 in file RTE\Device\STM32F303K6Tx\startup_stm32f303x8.s

Reset_Handler 00000000

Symbol: Reset_Handler
   Definitions
      At line 169 in file RTE\Device\STM32F303K6Tx\startup_stm32f303x8.s
   Uses
      At line 62 in file RTE\Device\STM32F303K6Tx\startup_stm32f303x8.s
      At line 170 in file RTE\Device\STM32F303K6Tx\startup_stm32f303x8.s

SPI1_IRQHandler 0000001C

Symbol: SPI1_IRQHandler
   Definitions
      At line 303 in file RTE\Device\STM32F303K6Tx\startup_stm32f303x8.s
   Uses
      At line 114 in file RTE\Device\STM32F303K6Tx\startup_stm32f303x8.s
      At line 259 in file RTE\Device\STM32F303K6Tx\startup_stm32f303x8.s

SVC_Handler 00000014

Symbol: SVC_Handler
   Definitions
      At line 207 in file RTE\Device\STM32F303K6Tx\startup_stm32f303x8.s



ARM Macro Assembler    Page 7 Alphabetic symbol ordering
Relocatable symbols

   Uses
      At line 72 in file RTE\Device\STM32F303K6Tx\startup_stm32f303x8.s
      At line 208 in file RTE\Device\STM32F303K6Tx\startup_stm32f303x8.s

SysTick_Handler 0000001A

Symbol: SysTick_Handler
   Definitions
      At line 220 in file RTE\Device\STM32F303K6Tx\startup_stm32f303x8.s
   Uses
      At line 76 in file RTE\Device\STM32F303K6Tx\startup_stm32f303x8.s
      At line 221 in file RTE\Device\STM32F303K6Tx\startup_stm32f303x8.s

TAMP_STAMP_IRQHandler 0000001C

Symbol: TAMP_STAMP_IRQHandler
   Definitions
      At line 273 in file RTE\Device\STM32F303K6Tx\startup_stm32f303x8.s
   Uses
      At line 81 in file RTE\Device\STM32F303K6Tx\startup_stm32f303x8.s
      At line 229 in file RTE\Device\STM32F303K6Tx\startup_stm32f303x8.s

TIM1_BRK_TIM15_IRQHandler 0000001C

Symbol: TIM1_BRK_TIM15_IRQHandler
   Definitions
      At line 295 in file RTE\Device\STM32F303K6Tx\startup_stm32f303x8.s
   Uses
      At line 103 in file RTE\Device\STM32F303K6Tx\startup_stm32f303x8.s
      At line 251 in file RTE\Device\STM32F303K6Tx\startup_stm32f303x8.s

TIM1_CC_IRQHandler 0000001C

Symbol: TIM1_CC_IRQHandler
   Definitions
      At line 298 in file RTE\Device\STM32F303K6Tx\startup_stm32f303x8.s
   Uses
      At line 106 in file RTE\Device\STM32F303K6Tx\startup_stm32f303x8.s
      At line 254 in file RTE\Device\STM32F303K6Tx\startup_stm32f303x8.s

TIM1_TRG_COM_TIM17_IRQHandler 0000001C

Symbol: TIM1_TRG_COM_TIM17_IRQHandler
   Definitions
      At line 297 in file RTE\Device\STM32F303K6Tx\startup_stm32f303x8.s
   Uses
      At line 105 in file RTE\Device\STM32F303K6Tx\startup_stm32f303x8.s
      At line 253 in file RTE\Device\STM32F303K6Tx\startup_stm32f303x8.s

TIM1_UP_TIM16_IRQHandler 0000001C

Symbol: TIM1_UP_TIM16_IRQHandler
   Definitions
      At line 296 in file RTE\Device\STM32F303K6Tx\startup_stm32f303x8.s
   Uses
      At line 104 in file RTE\Device\STM32F303K6Tx\startup_stm32f303x8.s
      At line 252 in file RTE\Device\STM32F303K6Tx\startup_stm32f303x8.s

TIM2_IRQHandler 0000001C



ARM Macro Assembler    Page 8 Alphabetic symbol ordering
Relocatable symbols


Symbol: TIM2_IRQHandler
   Definitions
      At line 299 in file RTE\Device\STM32F303K6Tx\startup_stm32f303x8.s
   Uses
      At line 107 in file RTE\Device\STM32F303K6Tx\startup_stm32f303x8.s
      At line 255 in file RTE\Device\STM32F303K6Tx\startup_stm32f303x8.s

TIM3_IRQHandler 0000001C

Symbol: TIM3_IRQHandler
   Definitions
      At line 300 in file RTE\Device\STM32F303K6Tx\startup_stm32f303x8.s
   Uses
      At line 108 in file RTE\Device\STM32F303K6Tx\startup_stm32f303x8.s
      At line 256 in file RTE\Device\STM32F303K6Tx\startup_stm32f303x8.s

TIM6_DAC1_IRQHandler 0000001C

Symbol: TIM6_DAC1_IRQHandler
   Definitions
      At line 309 in file RTE\Device\STM32F303K6Tx\startup_stm32f303x8.s
   Uses
      At line 133 in file RTE\Device\STM32F303K6Tx\startup_stm32f303x8.s
      At line 265 in file RTE\Device\STM32F303K6Tx\startup_stm32f303x8.s

TIM7_DAC2_IRQHandler 0000001C

Symbol: TIM7_DAC2_IRQHandler
   Definitions
      At line 310 in file RTE\Device\STM32F303K6Tx\startup_stm32f303x8.s
   Uses
      At line 134 in file RTE\Device\STM32F303K6Tx\startup_stm32f303x8.s
      At line 266 in file RTE\Device\STM32F303K6Tx\startup_stm32f303x8.s

USART1_IRQHandler 0000001C

Symbol: USART1_IRQHandler
   Definitions
      At line 304 in file RTE\Device\STM32F303K6Tx\startup_stm32f303x8.s
   Uses
      At line 116 in file RTE\Device\STM32F303K6Tx\startup_stm32f303x8.s
      At line 260 in file RTE\Device\STM32F303K6Tx\startup_stm32f303x8.s

USART2_IRQHandler 0000001C

Symbol: USART2_IRQHandler
   Definitions
      At line 305 in file RTE\Device\STM32F303K6Tx\startup_stm32f303x8.s
   Uses
      At line 117 in file RTE\Device\STM32F303K6Tx\startup_stm32f303x8.s
      At line 261 in file RTE\Device\STM32F303K6Tx\startup_stm32f303x8.s

USART3_IRQHandler 0000001C

Symbol: USART3_IRQHandler
   Definitions
      At line 306 in file RTE\Device\STM32F303K6Tx\startup_stm32f303x8.s
   Uses



ARM Macro Assembler    Page 9 Alphabetic symbol ordering
Relocatable symbols

      At line 118 in file RTE\Device\STM32F303K6Tx\startup_stm32f303x8.s
      At line 262 in file RTE\Device\STM32F303K6Tx\startup_stm32f303x8.s

UsageFault_Handler 00000012

Symbol: UsageFault_Handler
   Definitions
      At line 203 in file RTE\Device\STM32F303K6Tx\startup_stm32f303x8.s
   Uses
      At line 67 in file RTE\Device\STM32F303K6Tx\startup_stm32f303x8.s
      At line 204 in file RTE\Device\STM32F303K6Tx\startup_stm32f303x8.s

WWDG_IRQHandler 0000001C

Symbol: WWDG_IRQHandler
   Definitions
      At line 271 in file RTE\Device\STM32F303K6Tx\startup_stm32f303x8.s
   Uses
      At line 79 in file RTE\Device\STM32F303K6Tx\startup_stm32f303x8.s
      At line 227 in file RTE\Device\STM32F303K6Tx\startup_stm32f303x8.s

__user_initial_stackheap 00000020

Symbol: __user_initial_stackheap
   Definitions
      At line 335 in file RTE\Device\STM32F303K6Tx\startup_stm32f303x8.s
   Uses
      At line 333 in file RTE\Device\STM32F303K6Tx\startup_stm32f303x8.s
Comment: __user_initial_stackheap used once
56 symbols



ARM Macro Assembler    Page 1 Alphabetic symbol ordering
Absolute symbols

Heap_Size 00000200

Symbol: Heap_Size
   Definitions
      At line 44 in file RTE\Device\STM32F303K6Tx\startup_stm32f303x8.s
   Uses
      At line 48 in file RTE\Device\STM32F303K6Tx\startup_stm32f303x8.s
      At line 339 in file RTE\Device\STM32F303K6Tx\startup_stm32f303x8.s

Stack_Size 00000400

Symbol: Stack_Size
   Definitions
      At line 33 in file RTE\Device\STM32F303K6Tx\startup_stm32f303x8.s
   Uses
      At line 36 in file RTE\Device\STM32F303K6Tx\startup_stm32f303x8.s
      At line 338 in file RTE\Device\STM32F303K6Tx\startup_stm32f303x8.s

__Vectors_Size 00000188

Symbol: __Vectors_Size
   Definitions
      At line 164 in file RTE\Device\STM32F303K6Tx\startup_stm32f303x8.s
   Uses
      At line 59 in file RTE\Device\STM32F303K6Tx\startup_stm32f303x8.s
Comment: __Vectors_Size used once
3 symbols



ARM Macro Assembler    Page 1 Alphabetic symbol ordering
External symbols

Fault 00000000

Symbol: Fault
   Definitions
      At line 181 in file RTE\Device\STM32F303K6Tx\startup_stm32f303x8.s
   Uses
      At line 190 in file RTE\Device\STM32F303K6Tx\startup_stm32f303x8.s
Comment: Fault used once
SystemInit 00000000

Symbol: SystemInit
   Definitions
      At line 171 in file RTE\Device\STM32F303K6Tx\startup_stm32f303x8.s
   Uses
      At line 174 in file RTE\Device\STM32F303K6Tx\startup_stm32f303x8.s
Comment: SystemInit used once
__main 00000000

Symbol: __main
   Definitions
      At line 172 in file RTE\Device\STM32F303K6Tx\startup_stm32f303x8.s
   Uses
      At line 176 in file RTE\Device\STM32F303K6Tx\startup_stm32f303x8.s
Comment: __main used once
__use_two_region_memory 00000000

Symbol: __use_two_region_memory
   Definitions
      At line 332 in file RTE\Device\STM32F303K6Tx\startup_stm32f303x8.s
   Uses
      None
Comment: __use_two_region_memory unused
4 symbols
412 symbols in table
